c:\users\qeroin\desktop\datastructure\datastructure\datastructure\debug\vc141.pdb
c:\users\qeroin\desktop\datastructure\datastructure\datastructure\debug\vc141.idb
c:\users\qeroin\desktop\datastructure\datastructure\datastructure\debug\tree.obj
c:\users\qeroin\desktop\datastructure\datastructure\datastructure\debug\string.obj
c:\users\qeroin\desktop\datastructure\datastructure\datastructure\debug\sqstack.obj
c:\users\qeroin\desktop\datastructure\datastructure\datastructure\debug\search.obj
c:\users\qeroin\desktop\datastructure\datastructure\datastructure\debug\prim.obj
c:\users\qeroin\desktop\datastructure\datastructure\datastructure\debug\linkedlist.obj
c:\users\qeroin\desktop\datastructure\datastructure\datastructure\debug\list.obj
c:\users\qeroin\desktop\datastructure\datastructure\datastructure\debug\graph.obj
c:\users\qeroin\desktop\datastructure\datastructure\datastructure\debug\array.obj
c:\users\qeroin\desktop\datastructure\datastructure\debug\datastructure.exe
c:\users\qeroin\desktop\datastructure\datastructure\debug\datastructure.ilk
c:\users\qeroin\desktop\datastructure\datastructure\debug\datastructure.pdb
c:\users\qeroin\desktop\datastructure\datastructure\datastructure\debug\datastructure.tlog\cl.command.1.tlog
c:\users\qeroin\desktop\datastructure\datastructure\datastructure\debug\datastructure.tlog\cl.read.1.tlog
c:\users\qeroin\desktop\datastructure\datastructure\datastructure\debug\datastructure.tlog\cl.write.1.tlog
c:\users\qeroin\desktop\datastructure\datastructure\datastructure\debug\datastructure.tlog\link.command.1.tlog
c:\users\qeroin\desktop\datastructure\datastructure\datastructure\debug\datastructure.tlog\link.read.1.tlog
c:\users\qeroin\desktop\datastructure\datastructure\datastructure\debug\datastructure.tlog\link.write.1.tlog
